<?xml version="1.0" encoding="UTF-8"?>
<!-- Generated by org.testng.reporters.JUnitReportReporter -->
<testsuite skipped="0" hostname="DESKTOP-03EB3MG" name="com.wipro.selenium_l2.NewTest" tests="1" failures="0" timestamp="07 Apr 2020 08:47:45 GMT" time="36.453" errors="0">
  <testcase name="f" time="36.453" classname="com.wipro.selenium_l2.NewTest"/>
</testsuite> <!-- com.wipro.selenium_l2.NewTest -->
