<?xml version="1.0" encoding="UTF-8"?>
<!-- Generated by org.testng.reporters.JUnitReportReporter -->
<testsuite skipped="0" hostname="DESKTOP-03EB3MG" name="com.wipro.selenium_l1_topgear.NewTest" tests="1" failures="0" timestamp="19 Mar 2020 10:13:41 GMT" time="81.526" errors="0">
  <testcase name="test2" time="81.526" classname="com.wipro.selenium_l1_topgear.NewTest"/>
</testsuite> <!-- com.wipro.selenium_l1_topgear.NewTest -->
